<project name="JUnit" basedir=".">
    <target name="junit">
        <junit failureproperty="hasfail">
            <classpath>
                
                <pathelement location="lib/ant-junit.jar"/>
                <pathelement location="lib/junit-4.12.jar"/>
                <pathelement location="lib/hamcrest-core-1.3.jar"/>
            </classpath>
            
            <formatter type="xml"/>
            
            
            
            
        </junit>
        
        
    </target>

</project>
